<?xml version="1.0" encoding="UTF-8"?>
<testsuite xmlns:xsi="http://www.w3.org/2001/XMLSchema-instance" xsi:noNamespaceSchemaLocation="https://maven.apache.org/surefire/maven-surefire-plugin/xsd/surefire-test-report.xsd" version="3.0.2" name="com.ssotracker.controller.AdminUserControllerTest" time="6.856" tests="1" errors="0" skipped="0" failures="0">
  <properties>
[...]
</properties>
  <testcase name="supportsAdminUserCrud" classname="com.ssotracker.controller.AdminUserControllerTest" time="0.71">
    <system-out><![CDATA[14:53:26.921 [main] INFO org.springframework.test.context.support.AnnotationConfigContextLoaderUtils -- Could not detect default configuration classes for test class [com.ssotracker.controller.AdminUserControllerTest]: AdminUserControllerTest does not declare any static, non-private, non-final, nested classes annotated with @Configuration.
14:53:27.063 [main] INFO org.springframework.boot.test.context.SpringBootTestContextBootstrapper -- Found @SpringBootConfiguration com.ssotracker.SsoTrackerApiApplication for test class com.ssotracker.controller.AdminUserControllerTest

  .   ____          _            __ _ _
 /\\ / ___'_ __ _ _(_)_ __  __ _ \ \ \ \
( ( )\___ | '_ | '_| | '_ \/ _` | \ \ \ \
 \\/  ___)| |_)| | | | | || (_| |  ) ) ) )
  '  |____| .__|_| |_|_| |_\__, | / / / /
 =========|_|==============|___/=/_/_/_/

 :: Spring Boot ::                (v3.4.5)

2026-05-04T14:53:27.456+08:00  INFO 18716 --- [ssotracker-api] [           main] c.s.controller.AdminUserControllerTest   : Starting AdminUserControllerTest using Java 25.0.2 with PID 18716 (started by denzel in C:\Users\denzel\OneDrive\Documents\GitHub\ssotracker\backend)
2026-05-04T14:53:27.457+08:00  INFO 18716 --- [ssotracker-api] [           main] c.s.controller.AdminUserControllerTest   : No active profile set, falling back to 1 default profile: "default"
2026-05-04T14:53:28.002+08:00  INFO 18716 --- [ssotracker-api] [           main] .s.d.r.c.RepositoryConfigurationDelegate : Bootstrapping Spring Data JPA repositories in DEFAULT mode.
2026-05-04T14:53:28.074+08:00  INFO 18716 --- [ssotracker-api] [           main] .s.d.r.c.RepositoryConfigurationDelegate : Finished Spring Data repository scanning in 63 ms. Found 7 JPA repository interfaces.
2026-05-04T14:53:28.635+08:00  INFO 18716 --- [ssotracker-api] [           main] o.hibernate.jpa.internal.util.LogHelper  : HHH000204: Processing PersistenceUnitInfo [name: default]
2026-05-04T14:53:28.708+08:00  INFO 18716 --- [ssotracker-api] [           main] org.hibernate.Version                    : HHH000412: Hibernate ORM core version 6.6.13.Final
2026-05-04T14:53:28.746+08:00  INFO 18716 --- [ssotracker-api] [           main] o.h.c.internal.RegionFactoryInitiator    : HHH000026: Second-level cache disabled
2026-05-04T14:53:29.152+08:00  INFO 18716 --- [ssotracker-api] [           main] o.s.o.j.p.SpringPersistenceUnitInfo      : No LoadTimeWeaver setup: ignoring JPA class transformer
2026-05-04T14:53:29.181+08:00  INFO 18716 --- [ssotracker-api] [           main] com.zaxxer.hikari.HikariDataSource       : HikariPool-1 - Starting...
2026-05-04T14:53:29.336+08:00  INFO 18716 --- [ssotracker-api] [           main] com.zaxxer.hikari.pool.HikariPool        : HikariPool-1 - Added connection conn0: url=jdbc:h2:mem:ssotracker user=SA
2026-05-04T14:53:29.338+08:00  INFO 18716 --- [ssotracker-api] [           main] com.zaxxer.hikari.HikariDataSource       : HikariPool-1 - Start completed.
2026-05-04T14:53:29.390+08:00  INFO 18716 --- [ssotracker-api] [           main] org.hibernate.orm.connections.pooling    : HHH10001005: Database info:
	Database JDBC URL [Connecting through datasource 'HikariDataSource (HikariPool-1)']
	Database driver: undefined/unknown
	Database version: 2.3.232
	Autocommit mode: undefined/unknown
	Isolation level: undefined/unknown
	Minimum pool size: undefined/unknown
	Maximum pool size: undefined/unknown
2026-05-04T14:53:30.633+08:00  INFO 18716 --- [ssotracker-api] [           main] o.h.e.t.j.p.i.JtaPlatformInitiator       : HHH000489: No JTA platform available (set 'hibernate.transaction.jta.platform' to enable JTA platform integration)
Hibernate: 
    drop table if exists admin_user cascade 
Hibernate: 
    drop table if exists document_request cascade 
Hibernate: 
    drop table if exists document_requirement cascade 
Hibernate: 
    drop table if exists notification cascade 
Hibernate: 
    drop table if exists report cascade 
Hibernate: 
    drop table if exists staff cascade 
Hibernate: 
    drop table if exists student cascade 
Hibernate: 
    create table admin_user (
        active boolean not null,
        admin_id bigint generated by default as identity,
        created_at timestamp(6) not null,
        email varchar(255) not null unique,
        first_name varchar(255) not null,
        last_name varchar(255) not null,
        position varchar(255) not null,
        primary key (admin_id)
    )
Hibernate: 
    create table document_request (
        expected_processing_time integer not null check (expected_processing_time>=1),
        queue_position integer not null check (queue_position>=1),
        request_date date not null,
        assigned_staff_id bigint,
        document_id bigint not null,
        request_id bigint generated by default as identity,
        student_id bigint not null,
        request_type varchar(255) not null,
        status enum ('COMPLETED','IN_REVIEW','PENDING','PROCESSING','REJECTED') not null,
        primary key (request_id)
    )
Hibernate: 
    create table document_requirement (
        document_id bigint generated by default as identity,
        document_details varchar(1000) not null,
        document_type varchar(255) not null,
        primary key (document_id)
    )
Hibernate: 
    create table notification (
        date_sent timestamp(6) not null,
        notification_id bigint generated by default as identity,
        request_id bigint not null,
        message varchar(1000) not null,
        notification_type enum ('ASSIGNMENT','OVERDUE','PING','STATUS_UPDATE','SUBMIT') not null,
        primary key (notification_id)
    )
Hibernate: 
    create table report (
        generated_date date not null,
        report_id bigint generated by default as identity,
        request_id bigint not null,
        staff_id bigint not null,
        remarks varchar(1000),
        report_name varchar(255) not null,
        report_type enum ('QUEUE_STATUS','REQUEST_SUMMARY','STAFF_WORKLOAD') not null,
        primary key (report_id)
    )
Hibernate: 
    create table staff (
        staff_id bigint generated by default as identity,
        email varchar(255) not null unique,
        firstname varchar(255) not null,
        lastname varchar(255) not null,
        position varchar(255) not null,
        primary key (staff_id)
    )
Hibernate: 
    create table student (
        year_level integer not null,
        user_id bigint generated by default as identity,
        email varchar(255) not null unique,
        first_name varchar(255) not null,
        last_name varchar(255) not null,
        primary key (user_id)
    )
Hibernate: 
    alter table if exists document_request 
       add constraint FK956y5i324bw8vqyu0wevgi48w 
       foreign key (assigned_staff_id) 
       references staff
Hibernate: 
    alter table if exists document_request 
       add constraint FK99hh3rfbw9ruuhrmfrqyofx2s 
       foreign key (document_id) 
       references document_requirement
Hibernate: 
    alter table if exists document_request 
       add constraint FKeerj55xu0raxib5ysetsg12ml 
       foreign key (student_id) 
       references student
Hibernate: 
    alter table if exists notification 
       add constraint FK1b1toonnvdg73dnsehwder535 
       foreign key (request_id) 
       references document_request
Hibernate: 
    alter table if exists report 
       add constraint FKq19erbbn2xiroubbvanh2xbna 
       foreign key (request_id) 
       references document_request
Hibernate: 
    alter table if exists report 
       add constraint FKp89gi2qdxh17qcikwtp2joul8 
       foreign key (staff_id) 
       references staff
2026-05-04T14:53:30.702+08:00  INFO 18716 --- [ssotracker-api] [           main] j.LocalContainerEntityManagerFactoryBean : Initialized JPA EntityManagerFactory for persistence unit 'default'
2026-05-04T14:53:32.267+08:00  INFO 18716 --- [ssotracker-api] [           main] o.s.b.a.h2.H2ConsoleAutoConfiguration    : H2 console available at '/h2-console'. Database available at 'jdbc:h2:mem:ssotracker'
2026-05-04T14:53:32.385+08:00  INFO 18716 --- [ssotracker-api] [           main] o.s.b.t.m.w.SpringBootMockServletContext : Initializing Spring TestDispatcherServlet ''
2026-05-04T14:53:32.385+08:00  INFO 18716 --- [ssotracker-api] [           main] o.s.t.web.servlet.TestDispatcherServlet  : Initializing Servlet ''
2026-05-04T14:53:32.388+08:00  INFO 18716 --- [ssotracker-api] [           main] o.s.t.web.servlet.TestDispatcherServlet  : Completed initialization in 2 ms
2026-05-04T14:53:32.440+08:00  INFO 18716 --- [ssotracker-api] [           main] c.s.controller.AdminUserControllerTest   : Started AdminUserControllerTest in 5.245 seconds (process running for 6.047)
Hibernate: 
    select
        count(*) 
    from
        admin_user au1_0
Hibernate: 
    insert 
    into
        admin_user
        (active, created_at, email, first_name, last_name, position, admin_id) 
    values
        (?, ?, ?, ?, ?, ?, default)
Hibernate: 
    select
        count(*) 
    from
        student s1_0
Hibernate: 
    insert 
    into
        student
        (email, first_name, last_name, year_level, user_id) 
    values
        (?, ?, ?, ?, default)
Hibernate: 
    select
        count(*) 
    from
        staff s1_0
Hibernate: 
    insert 
    into
        staff
        (email, firstname, lastname, position, staff_id) 
    values
        (?, ?, ?, ?, default)
Hibernate: 
    select
        count(*) 
    from
        document_requirement dr1_0
Hibernate: 
    insert 
    into
        document_requirement
        (document_details, document_type, document_id) 
    values
        (?, ?, default)
Hibernate: 
    insert 
    into
        document_requirement
        (document_details, document_type, document_id) 
    values
        (?, ?, default)
Hibernate: 
    insert 
    into
        document_requirement
        (document_details, document_type, document_id) 
    values
        (?, ?, default)
Hibernate: 
    insert 
    into
        document_requirement
        (document_details, document_type, document_id) 
    values
        (?, ?, default)
Hibernate: 
    select
        au1_0.admin_id 
    from
        admin_user au1_0 
    where
        au1_0.email=? 
    fetch
        first ? rows only
Hibernate: 
    insert 
    into
        admin_user
        (active, created_at, email, first_name, last_name, position, admin_id) 
    values
        (?, ?, ?, ?, ?, ?, default)
Hibernate: 
    select
        au1_0.admin_id,
        au1_0.active,
        au1_0.created_at,
        au1_0.email,
        au1_0.first_name,
        au1_0.last_name,
        au1_0.position 
    from
        admin_user au1_0 
    where
        au1_0.admin_id=?
Hibernate: 
    select
        au1_0.admin_id,
        au1_0.active,
        au1_0.created_at,
        au1_0.email,
        au1_0.first_name,
        au1_0.last_name,
        au1_0.position 
    from
        admin_user au1_0 
    where
        au1_0.admin_id=?
Hibernate: 
    select
        au1_0.admin_id,
        au1_0.active,
        au1_0.created_at,
        au1_0.email,
        au1_0.first_name,
        au1_0.last_name,
        au1_0.position 
    from
        admin_user au1_0 
    where
        au1_0.email=?
Hibernate: 
    update
        admin_user 
    set
        active=?,
        created_at=?,
        email=?,
        first_name=?,
        last_name=?,
        position=? 
    where
        admin_id=?
Hibernate: 
    select
        au1_0.admin_id,
        au1_0.active,
        au1_0.created_at,
        au1_0.email,
        au1_0.first_name,
        au1_0.last_name,
        au1_0.position 
    from
        admin_user au1_0
Hibernate: 
    select
        au1_0.admin_id,
        au1_0.active,
        au1_0.created_at,
        au1_0.email,
        au1_0.first_name,
        au1_0.last_name,
        au1_0.position 
    from
        admin_user au1_0 
    where
        au1_0.admin_id=?
Hibernate: 
    delete 
    from
        admin_user 
    where
        admin_id=?
Hibernate: 
    select
        au1_0.admin_id,
        au1_0.active,
        au1_0.created_at,
        au1_0.email,
        au1_0.first_name,
        au1_0.last_name,
        au1_0.position 
    from
        admin_user au1_0 
    where
        au1_0.admin_id=?
]]></system-out>
    <system-err><![CDATA[Mockito is currently self-attaching to enable the inline-mock-maker. This will no longer work in future releases of the JDK. Please add Mockito as an agent to your build what is described in Mockito's documentation: https://javadoc.io/doc/org.mockito/mockito-core/latest/org/mockito/Mockito.html#0.3
WARNING: A Java agent has been loaded dynamically (C:\Users\denzel\.m2\repository\net\bytebuddy\byte-buddy-agent\1.15.11\byte-buddy-agent-1.15.11.jar)
WARNING: If a serviceability tool is in use, please run with -XX:+EnableDynamicAgentLoading to hide this warning
WARNING: If a serviceability tool is not in use, please run with -Djdk.instrument.traceUsage for more information
WARNING: Dynamic loading of agents will be disallowed by default in a future release
]]></system-err>
  </testcase>
</testsuite>